<?xml version="1.0" encoding="UTF-8"?>
<!-- Generated by org.testng.reporters.JUnitReportReporter -->
<testsuite hostname="DESKTOP-N116C5V" name="com.API.TestData.TestNGDataRead" tests="2" failures="0" timestamp="21 Oct 2019 14:42:58 GMT" time="0.017" errors="0">
  <testcase name="dataRead" time="0.004" classname="com.API.TestData.TestNGDataRead"/>
  <testcase name="dataRead" time="0.013" classname="com.API.TestData.TestNGDataRead"/>
</testsuite> <!-- com.API.TestData.TestNGDataRead -->
