<?xml version="1.0" encoding="UTF-8"?>
<!-- Generated by org.testng.reporters.JUnitReportReporter -->
<testsuite hostname="DESKTOP-N116C5V" name="com.Test.API.CreateCustomerAPI" tests="5" failures="0" timestamp="21 Oct 2019 17:13:59 GMT" time="10.552" errors="0">
  <testcase name="CreateCustomerWithValidKey" time="4.729" classname="com.Test.API.CreateCustomerAPI"/>
  <testcase name="CreateCustomerWithInValidKey" time="0.294" classname="com.Test.API.CreateCustomerAPI"/>
  <testcase name="CreateCustomerValidateIDValue" time="1.304" classname="com.Test.API.CreateCustomerAPI"/>
  <testcase name="CreateCustomerValidateIDKey" time="0.265" classname="com.Test.API.CreateCustomerAPI"/>
  <testcase name="CreateCustomerWithValidKey" time="3.960" classname="com.Test.API.CreateCustomerAPI"/>
</testsuite> <!-- com.Test.API.CreateCustomerAPI -->
